2026-05-13 22:30:05,272 - INFO - MongoDB connection established successfully
2026-05-13 22:30:05,338 - INFO - MongoDB connection established successfully
2026-05-13 22:30:05,654 - INFO - CUDA not available, using CPU for object detection
2026-05-13 22:30:06,897 - INFO - Object detector initialized successfully
2026-05-13 22:30:06,897 - INFO - Audio monitoring inactive - Trying to start...
2026-05-13 22:30:06,901 - INFO - Eye and head tracking system started
2026-05-13 22:30:06,902 - INFO - Starting eye movement detection thread
2026-05-13 22:30:06,908 - INFO - Eye tracker initialized: True
2026-05-13 22:30:06,913 - INFO - Head detector initialized: True
2026-05-13 22:30:06,914 - INFO - Video capture opened: True
2026-05-13 22:30:06,916 - INFO - Eye tracker video capture started
2026-05-13 22:30:06,925 - INFO - [31m[1mWARNING: This is a development server. Do not use it in a production deployment. Use a production WSGI server instead.[0m
 * Running on all addresses (0.0.0.0)
 * Running on http://127.0.0.1:5001
 * Running on http://10.56.126.236:5001
2026-05-13 22:30:06,927 - INFO - [33mPress CTRL+C to quit[0m
2026-05-13 22:30:06,947 - INFO - Available audio devices: [{'index': 0, 'name': 'Microsoft Sound Mapper - Input', 'type': 'Input', 'sample_rate': 44100, 'input_channels': 2, 'output_channels': 0}, {'index': 1, 'name': 'Microphone Array (Realtek(R) Au', 'type': 'Input', 'sample_rate': 44100, 'input_channels': 2, 'output_channels': 0}, {'index': 2, 'name': 'Microsoft Sound Mapper - Output', 'type': 'Output', 'sample_rate': 44100, 'input_channels': 0, 'output_channels': 2}, {'index': 3, 'name': 'Speakers (Realtek(R) Audio)', 'type': 'Output', 'sample_rate': 44100, 'input_channels': 0, 'output_channels': 2}, {'index': 4, 'name': 'FxSound Speakers (FxSound Audio', 'type': 'Output', 'sample_rate': 44100, 'input_channels': 0, 'output_channels': 8}, {'index': 5, 'name': 'Primary Sound Capture Driver', 'type': 'Input', 'sample_rate': 44100, 'input_channels': 2, 'output_channels': 0}, {'index': 6, 'name': 'Microphone Array (Realtek(R) Audio)', 'type': 'Input', 'sample_rate': 44100, 'input_channels': 2, 'output_channels': 0}, {'index': 7, 'name': 'Primary Sound Driver', 'type': 'Output', 'sample_rate': 44100, 'input_channels': 0, 'output_channels': 2}, {'index': 8, 'name': 'Speakers (Realtek(R) Audio)', 'type': 'Output', 'sample_rate': 44100, 'input_channels': 0, 'output_channels': 2}, {'index': 9, 'name': 'FxSound Speakers (FxSound Audio Enhancer)', 'type': 'Output', 'sample_rate': 44100, 'input_channels': 0, 'output_channels': 8}, {'index': 10, 'name': 'Speakers (Realtek(R) Audio)', 'type': 'Output', 'sample_rate': 48000, 'input_channels': 0, 'output_channels': 2}, {'index': 11, 'name': 'FxSound Speakers (FxSound Audio Enhancer)', 'type': 'Output', 'sample_rate': 48000, 'input_channels': 0, 'output_channels': 2}, {'index': 12, 'name': 'Microphone Array (Realtek(R) Audio)', 'type': 'Input', 'sample_rate': 48000, 'input_channels': 2, 'output_channels': 0}, {'index': 13, 'name': 'Speakers (Nahimic mirroring Wave Speaker)', 'type': 'Output', 'sample_rate': 44100, 'input_channels': 0, 'output_channels': 2}, {'index': 14, 'name': 'Microphone Array (Realtek HD Audio Mic Array input)', 'type': 'Input', 'sample_rate': 44100, 'input_channels': 2, 'output_channels': 0}, {'index': 15, 'name': 'Microphone (Realtek HD Audio Mic input)', 'type': 'Input', 'sample_rate': 44100, 'input_channels': 2, 'output_channels': 0}, {'index': 16, 'name': 'Speakers 1 (Realtek HD Audio output with SST)', 'type': 'Output', 'sample_rate': 44100, 'input_channels': 0, 'output_channels': 2}, {'index': 17, 'name': 'Speakers 2 (Realtek HD Audio output with SST)', 'type': 'Output', 'sample_rate': 44100, 'input_channels': 0, 'output_channels': 2}, {'index': 18, 'name': 'PC Speaker (Realtek HD Audio output with SST)', 'type': 'Input', 'sample_rate': 48000, 'input_channels': 2, 'output_channels': 0}, {'index': 19, 'name': 'Headphones 1 (Realtek HD Audio 2nd output with SST)', 'type': 'Output', 'sample_rate': 44100, 'input_channels': 0, 'output_channels': 2}, {'index': 20, 'name': 'Headphones 2 (Realtek HD Audio 2nd output with SST)', 'type': 'Output', 'sample_rate': 44100, 'input_channels': 0, 'output_channels': 2}, {'index': 21, 'name': 'PC Speaker (Realtek HD Audio 2nd output with SST)', 'type': 'Input', 'sample_rate': 48000, 'input_channels': 2, 'output_channels': 0}, {'index': 22, 'name': 'Stereo Mix (Realtek HD Audio Stereo input)', 'type': 'Input', 'sample_rate': 48000, 'input_channels': 2, 'output_channels': 0}, {'index': 23, 'name': 'Speakers (Nahimic Wave Speaker)', 'type': 'Output', 'sample_rate': 48000, 'input_channels': 0, 'output_channels': 8}, {'index': 24, 'name': 'Input ()', 'type': 'Input', 'sample_rate': 44100, 'input_channels': 8, 'output_channels': 0}, {'index': 25, 'name': 'Speakers ()', 'type': 'Output', 'sample_rate': 44100, 'input_channels': 0, 'output_channels': 8}, {'index': 26, 'name': 'Speakers (Nahimic Easy Surround)', 'type': 'Output', 'sample_rate': 48000, 'input_channels': 0, 'output_channels': 8}]
2026-05-13 22:30:06,947 - INFO - Available devices before starting: [{'index': 0, 'name': 'Microsoft Sound Mapper - Input', 'type': 'Input', 'sample_rate': 44100, 'input_channels': 2, 'output_channels': 0}, {'index': 1, 'name': 'Microphone Array (Realtek(R) Au', 'type': 'Input', 'sample_rate': 44100, 'input_channels': 2, 'output_channels': 0}, {'index': 2, 'name': 'Microsoft Sound Mapper - Output', 'type': 'Output', 'sample_rate': 44100, 'input_channels': 0, 'output_channels': 2}, {'index': 3, 'name': 'Speakers (Realtek(R) Audio)', 'type': 'Output', 'sample_rate': 44100, 'input_channels': 0, 'output_channels': 2}, {'index': 4, 'name': 'FxSound Speakers (FxSound Audio', 'type': 'Output', 'sample_rate': 44100, 'input_channels': 0, 'output_channels': 8}, {'index': 5, 'name': 'Primary Sound Capture Driver', 'type': 'Input', 'sample_rate': 44100, 'input_channels': 2, 'output_channels': 0}, {'index': 6, 'name': 'Microphone Array (Realtek(R) Audio)', 'type': 'Input', 'sample_rate': 44100, 'input_channels': 2, 'output_channels': 0}, {'index': 7, 'name': 'Primary Sound Driver', 'type': 'Output', 'sample_rate': 44100, 'input_channels': 0, 'output_channels': 2}, {'index': 8, 'name': 'Speakers (Realtek(R) Audio)', 'type': 'Output', 'sample_rate': 44100, 'input_channels': 0, 'output_channels': 2}, {'index': 9, 'name': 'FxSound Speakers (FxSound Audio Enhancer)', 'type': 'Output', 'sample_rate': 44100, 'input_channels': 0, 'output_channels': 8}, {'index': 10, 'name': 'Speakers (Realtek(R) Audio)', 'type': 'Output', 'sample_rate': 48000, 'input_channels': 0, 'output_channels': 2}, {'index': 11, 'name': 'FxSound Speakers (FxSound Audio Enhancer)', 'type': 'Output', 'sample_rate': 48000, 'input_channels': 0, 'output_channels': 2}, {'index': 12, 'name': 'Microphone Array (Realtek(R) Audio)', 'type': 'Input', 'sample_rate': 48000, 'input_channels': 2, 'output_channels': 0}, {'index': 13, 'name': 'Speakers (Nahimic mirroring Wave Speaker)', 'type': 'Output', 'sample_rate': 44100, 'input_channels': 0, 'output_channels': 2}, {'index': 14, 'name': 'Microphone Array (Realtek HD Audio Mic Array input)', 'type': 'Input', 'sample_rate': 44100, 'input_channels': 2, 'output_channels': 0}, {'index': 15, 'name': 'Microphone (Realtek HD Audio Mic input)', 'type': 'Input', 'sample_rate': 44100, 'input_channels': 2, 'output_channels': 0}, {'index': 16, 'name': 'Speakers 1 (Realtek HD Audio output with SST)', 'type': 'Output', 'sample_rate': 44100, 'input_channels': 0, 'output_channels': 2}, {'index': 17, 'name': 'Speakers 2 (Realtek HD Audio output with SST)', 'type': 'Output', 'sample_rate': 44100, 'input_channels': 0, 'output_channels': 2}, {'index': 18, 'name': 'PC Speaker (Realtek HD Audio output with SST)', 'type': 'Input', 'sample_rate': 48000, 'input_channels': 2, 'output_channels': 0}, {'index': 19, 'name': 'Headphones 1 (Realtek HD Audio 2nd output with SST)', 'type': 'Output', 'sample_rate': 44100, 'input_channels': 0, 'output_channels': 2}, {'index': 20, 'name': 'Headphones 2 (Realtek HD Audio 2nd output with SST)', 'type': 'Output', 'sample_rate': 44100, 'input_channels': 0, 'output_channels': 2}, {'index': 21, 'name': 'PC Speaker (Realtek HD Audio 2nd output with SST)', 'type': 'Input', 'sample_rate': 48000, 'input_channels': 2, 'output_channels': 0}, {'index': 22, 'name': 'Stereo Mix (Realtek HD Audio Stereo input)', 'type': 'Input', 'sample_rate': 48000, 'input_channels': 2, 'output_channels': 0}, {'index': 23, 'name': 'Speakers (Nahimic Wave Speaker)', 'type': 'Output', 'sample_rate': 48000, 'input_channels': 0, 'output_channels': 8}, {'index': 24, 'name': 'Input ()', 'type': 'Input', 'sample_rate': 44100, 'input_channels': 8, 'output_channels': 0}, {'index': 25, 'name': 'Speakers ()', 'type': 'Output', 'sample_rate': 44100, 'input_channels': 0, 'output_channels': 8}, {'index': 26, 'name': 'Speakers (Nahimic Easy Surround)', 'type': 'Output', 'sample_rate': 48000, 'input_channels': 0, 'output_channels': 8}]
2026-05-13 22:30:06,983 - INFO - Device 0: Microsoft Sound Mapper - Input, Input: 2, Output: 0
2026-05-13 22:30:06,984 - INFO - Device 1: Microphone Array (Realtek(R) Au, Input: 2, Output: 0
2026-05-13 22:30:06,984 - INFO - Device 2: Microsoft Sound Mapper - Output, Input: 0, Output: 2
2026-05-13 22:30:06,984 - INFO - Device 3: Speakers (Realtek(R) Audio), Input: 0, Output: 2
2026-05-13 22:30:06,985 - INFO - Device 4: FxSound Speakers (FxSound Audio, Input: 0, Output: 8
2026-05-13 22:30:06,985 - INFO - Device 5: Primary Sound Capture Driver, Input: 2, Output: 0
2026-05-13 22:30:06,985 - INFO - Device 6: Microphone Array (Realtek(R) Audio), Input: 2, Output: 0
2026-05-13 22:30:06,985 - INFO - Device 7: Primary Sound Driver, Input: 0, Output: 2
2026-05-13 22:30:06,985 - INFO - Device 8: Speakers (Realtek(R) Audio), Input: 0, Output: 2
2026-05-13 22:30:06,985 - INFO - Device 9: FxSound Speakers (FxSound Audio Enhancer), Input: 0, Output: 8
2026-05-13 22:30:06,985 - INFO - Device 10: Speakers (Realtek(R) Audio), Input: 0, Output: 2
2026-05-13 22:30:06,987 - INFO - Device 11: FxSound Speakers (FxSound Audio Enhancer), Input: 0, Output: 2
2026-05-13 22:30:06,987 - INFO - Device 12: Microphone Array (Realtek(R) Audio), Input: 2, Output: 0
2026-05-13 22:30:06,987 - INFO - Device 13: Speakers (Nahimic mirroring Wave Speaker), Input: 0, Output: 2
2026-05-13 22:30:06,987 - INFO - Device 14: Microphone Array (Realtek HD Audio Mic Array input), Input: 2, Output: 0
2026-05-13 22:30:06,987 - INFO - Device 15: Microphone (Realtek HD Audio Mic input), Input: 2, Output: 0
2026-05-13 22:30:06,987 - INFO - Device 16: Speakers 1 (Realtek HD Audio output with SST), Input: 0, Output: 2
2026-05-13 22:30:06,987 - INFO - Device 17: Speakers 2 (Realtek HD Audio output with SST), Input: 0, Output: 2
2026-05-13 22:30:06,987 - INFO - Device 18: PC Speaker (Realtek HD Audio output with SST), Input: 2, Output: 0
2026-05-13 22:30:06,987 - INFO - Device 19: Headphones 1 (Realtek HD Audio 2nd output with SST), Input: 0, Output: 2
2026-05-13 22:30:06,987 - INFO - Device 20: Headphones 2 (Realtek HD Audio 2nd output with SST), Input: 0, Output: 2
2026-05-13 22:30:06,987 - INFO - Device 21: PC Speaker (Realtek HD Audio 2nd output with SST), Input: 2, Output: 0
2026-05-13 22:30:06,987 - INFO - Device 22: Stereo Mix (Realtek HD Audio Stereo input), Input: 2, Output: 0
2026-05-13 22:30:06,987 - INFO - Device 23: Speakers (Nahimic Wave Speaker), Input: 0, Output: 8
2026-05-13 22:30:06,987 - INFO - Device 24: Input (), Input: 8, Output: 0
2026-05-13 22:30:06,987 - INFO - Device 25: Speakers (), Input: 0, Output: 8
2026-05-13 22:30:06,987 - INFO - Device 26: Speakers (Nahimic Easy Surround), Input: 0, Output: 8
2026-05-13 22:30:06,987 - INFO - Default input device: Microphone Array (Realtek(R) Au
2026-05-13 22:30:06,987 - INFO - Selected device index: 1
2026-05-13 22:30:07,210 - INFO - Initial audio level: 0.21875
2026-05-13 22:30:07,210 - INFO - Auto-adjusted energy threshold to: 50
2026-05-13 22:30:07,244 - INFO - Successfully tested audio input stream
2026-05-13 22:30:07,275 - INFO - Audio monitoring started with device_index: 1
2026-05-13 22:30:07,275 - INFO - Audio monitoring started successfully
2026-05-13 22:30:07,329 - INFO - Microphone source created successfully
2026-05-13 22:30:07,330 - INFO - Waiting for speech...
2026-05-13 22:30:07,383 - INFO - Gaze change: Not initialized
2026-05-13 22:30:07,465 - INFO - Gaze change: No Face Detected
2026-05-13 22:30:09,709 - INFO - Detected new object: vase at 2026-05-13 22:30:09 (conf: 0.65)
2026-05-13 22:30:10,009 - DEBUG - Current reading metrics: {'continuous_reading_time': 0.0, 'reading_sessions': 0, 'total_reading_time': 0.0, 'on_screen_percentage': 0.0, 'tracking_start_time': 1778691605.3038828}
2026-05-13 22:30:10,009 - DEBUG - Current head metrics: {'head_direction': 'no_face', 'head_direction_vector': (0, 0, 0), 'head_movement_count': 0, 'slight_movement_count': 0, 'last_movement_time': 1778691605.3138885, 'tracking_start_time': 1778691605.3138885, 'straight_time_percentage': 0.0, 'straight_head_time': 0.0, 'last_status_change_time': 1778691605.3138885}
2026-05-13 22:30:10,287 - INFO - No speech detected within timeout period
2026-05-13 22:30:10,287 - INFO - Waiting for speech...
2026-05-13 22:30:11,275 - DEBUG - Current reading metrics: {'continuous_reading_time': 0.0, 'reading_sessions': 0, 'total_reading_time': 0.0, 'on_screen_percentage': 0.0, 'tracking_start_time': 1778691605.3038828}
2026-05-13 22:30:11,276 - DEBUG - Current head metrics: {'head_direction': 'no_face', 'head_direction_vector': (0, 0, 0), 'head_movement_count': 0, 'slight_movement_count': 0, 'last_movement_time': 1778691605.3138885, 'tracking_start_time': 1778691605.3138885, 'straight_time_percentage': 0.0, 'straight_head_time': 0.0, 'last_status_change_time': 1778691605.3138885}
2026-05-13 22:30:12,504 - DEBUG - Current reading metrics: {'continuous_reading_time': 0.0, 'reading_sessions': 0, 'total_reading_time': 0.0, 'on_screen_percentage': 0.0, 'tracking_start_time': 1778691605.3038828}
2026-05-13 22:30:12,504 - DEBUG - Current head metrics: {'head_direction': 'no_face', 'head_direction_vector': (0, 0, 0), 'head_movement_count': 0, 'slight_movement_count': 0, 'last_movement_time': 1778691605.3138885, 'tracking_start_time': 1778691605.3138885, 'straight_time_percentage': 0.0, 'straight_head_time': 0.0, 'last_status_change_time': 1778691605.3138885}
2026-05-13 22:30:13,228 - INFO - No speech detected within timeout period
2026-05-13 22:30:13,228 - INFO - Waiting for speech...
2026-05-13 22:30:13,889 - DEBUG - Current reading metrics: {'continuous_reading_time': 0.0, 'reading_sessions': 0, 'total_reading_time': 0.0, 'on_screen_percentage': 0.0, 'tracking_start_time': 1778691605.3038828}
2026-05-13 22:30:13,889 - DEBUG - Current head metrics: {'head_direction': 'no_face', 'head_direction_vector': (0, 0, 0), 'head_movement_count': 0, 'slight_movement_count': 0, 'last_movement_time': 1778691605.3138885, 'tracking_start_time': 1778691605.3138885, 'straight_time_percentage': 0.0, 'straight_head_time': 0.0, 'last_status_change_time': 1778691605.3138885}
2026-05-13 22:30:15,098 - DEBUG - Current reading metrics: {'continuous_reading_time': 0.0, 'reading_sessions': 0, 'total_reading_time': 0.0, 'on_screen_percentage': 0.0, 'tracking_start_time': 1778691605.3038828}
2026-05-13 22:30:15,099 - DEBUG - Current head metrics: {'head_direction': 'no_face', 'head_direction_vector': (0, 0, 0), 'head_movement_count': 0, 'slight_movement_count': 0, 'last_movement_time': 1778691605.3138885, 'tracking_start_time': 1778691605.3138885, 'straight_time_percentage': 0.0, 'straight_head_time': 0.0, 'last_status_change_time': 1778691605.3138885}
2026-05-13 22:30:16,178 - INFO - No speech detected within timeout period
2026-05-13 22:30:16,178 - INFO - Waiting for speech...
2026-05-13 22:30:16,363 - DEBUG - Current reading metrics: {'continuous_reading_time': 0.0, 'reading_sessions': 0, 'total_reading_time': 0.0, 'on_screen_percentage': 0.0, 'tracking_start_time': 1778691605.3038828}
2026-05-13 22:30:16,364 - DEBUG - Current head metrics: {'head_direction': 'no_face', 'head_direction_vector': (0, 0, 0), 'head_movement_count': 0, 'slight_movement_count': 0, 'last_movement_time': 1778691605.3138885, 'tracking_start_time': 1778691605.3138885, 'straight_time_percentage': 0.0, 'straight_head_time': 0.0, 'last_status_change_time': 1778691605.3138885}
2026-05-13 22:30:17,248 - INFO - Detected new object: vase at 2026-05-13 22:30:17 (conf: 0.48)
2026-05-13 22:30:17,595 - DEBUG - Current reading metrics: {'continuous_reading_time': 0.0, 'reading_sessions': 0, 'total_reading_time': 0.0, 'on_screen_percentage': 0.0, 'tracking_start_time': 1778691605.3038828}
2026-05-13 22:30:17,595 - DEBUG - Current head metrics: {'head_direction': 'head_straight', 'head_direction_vector': (-0.8347769387611762, 0.550319375897536, -0.01720601709478322), 'head_movement_count': 0, 'slight_movement_count': 0, 'last_movement_time': 1778691605.3138885, 'tracking_start_time': 1778691605.3138885, 'straight_time_percentage': 151.0894072577088, 'straight_head_time': 18.55481481552124, 'last_status_change_time': 1778691616.5568566}
2026-05-13 22:30:18,872 - DEBUG - Current reading metrics: {'continuous_reading_time': 0.0, 'reading_sessions': 0, 'total_reading_time': 0.0, 'on_screen_percentage': 0.0, 'tracking_start_time': 1778691605.3038828}
2026-05-13 22:30:18,872 - DEBUG - Current head metrics: {'head_direction': 'head_straight', 'head_direction_vector': (-0.7391958541541324, 0.673275823846432, -0.017004535431789928), 'head_movement_count': 0, 'slight_movement_count': 0, 'last_movement_time': 1778691605.3138885, 'tracking_start_time': 1778691605.3138885, 'straight_time_percentage': 296.88765305212917, 'straight_head_time': 40.25419211387634, 'last_status_change_time': 1778691616.5568566}
2026-05-13 22:30:19,118 - INFO - No speech detected within timeout period
2026-05-13 22:30:19,118 - INFO - Waiting for speech...
2026-05-13 22:30:19,391 - INFO - Gaze change: Looking Up (100% confidence)
2026-05-13 22:30:20,106 - DEBUG - Current reading metrics: {'continuous_reading_time': 0.0, 'reading_sessions': 0, 'total_reading_time': 0.0, 'on_screen_percentage': 0.0, 'tracking_start_time': 1778691605.3038828}
2026-05-13 22:30:20,132 - DEBUG - Current head metrics: {'head_direction': 'slight_movement', 'head_direction_vector': (0.21646477654989096, -0.9762784502600109, -0.0048361214952853965), 'head_movement_count': 0, 'slight_movement_count': 3, 'last_movement_time': 1778691620.0647824, 'tracking_start_time': 1778691605.3138885, 'straight_time_percentage': 378.12491442807004, 'straight_head_time': 55.93549203872681, 'last_status_change_time': 1778691620.0647824}
2026-05-13 22:30:21,224 - INFO - Gaze change: Looking Right (5% confidence)
2026-05-13 22:30:21,395 - DEBUG - Current reading metrics: {'continuous_reading_time': 0.0, 'reading_sessions': 0, 'total_reading_time': 0.0, 'on_screen_percentage': 0.0, 'tracking_start_time': 1778691605.3038828}
2026-05-13 22:30:21,395 - DEBUG - Current head metrics: {'head_direction': 'slight_tilt_left', 'head_direction_vector': (0.36986666927035017, -0.9290724810043953, -0.004792911765828764), 'head_movement_count': 0, 'slight_movement_count': 4, 'last_movement_time': 1778691620.720193, 'tracking_start_time': 1778691605.3138885, 'straight_time_percentage': 347.82303250537103, 'straight_head_time': 55.93549203872681, 'last_status_change_time': 1778691620.720193}
2026-05-13 22:30:21,455 - INFO - Gaze change: Looking Right (7% confidence)
2026-05-13 22:30:21,556 - INFO - Gaze change: Looking Right (1% confidence)
2026-05-13 22:30:21,714 - INFO - Gaze change: Looking Right (17% confidence)
2026-05-13 22:30:21,887 - INFO - Gaze change: Looking Down (100% confidence)
2026-05-13 22:30:22,048 - INFO - Gaze change: Looking Right (52% confidence)
2026-05-13 22:30:22,067 - INFO - No speech detected within timeout period
2026-05-13 22:30:22,068 - INFO - Waiting for speech...
2026-05-13 22:30:22,274 - INFO - Detected new object: vase at 2026-05-13 22:30:22 (conf: 0.48)
2026-05-13 22:30:22,275 - INFO - Gaze change: Looking Right (54% confidence)
2026-05-13 22:30:22,384 - INFO - Gaze change: Looking Down (100% confidence)
2026-05-13 22:30:22,616 - DEBUG - Current reading metrics: {'continuous_reading_time': 0.0, 'reading_sessions': 0, 'total_reading_time': 0.0, 'on_screen_percentage': 0.0, 'tracking_start_time': 1778691605.3038828}
2026-05-13 22:30:22,616 - DEBUG - Current head metrics: {'head_direction': 'slight_tilt_left', 'head_direction_vector': (0.2792909572534394, -0.9601929001590692, -0.005114262466211836), 'head_movement_count': 0, 'slight_movement_count': 4, 'last_movement_time': 1778691620.720193, 'tracking_start_time': 1778691605.3138885, 'straight_time_percentage': 323.27744346066163, 'straight_head_time': 55.93549203872681, 'last_status_change_time': 1778691620.720193}
2026-05-13 22:30:22,720 - INFO - Gaze change: Looking Right (85% confidence)
2026-05-13 22:30:22,878 - INFO - Gaze change: Looking Right (100% confidence)
2026-05-13 22:30:23,105 - INFO - Gaze change: Looking Right (90% confidence)
2026-05-13 22:30:23,214 - INFO - Gaze change: Looking Right (97% confidence)
2026-05-13 22:30:23,380 - INFO - Gaze change: Looking Right (83% confidence)
2026-05-13 22:30:23,555 - INFO - Gaze change: Looking Right (68% confidence)
2026-05-13 22:30:23,713 - INFO - Gaze change: Looking Right (70% confidence)
2026-05-13 22:30:23,887 - DEBUG - Current reading metrics: {'continuous_reading_time': 0.0, 'reading_sessions': 0, 'total_reading_time': 0.0, 'on_screen_percentage': 0.0, 'tracking_start_time': 1778691605.3038828}
2026-05-13 22:30:23,887 - DEBUG - Current head metrics: {'head_direction': 'slight_tilt_left', 'head_direction_vector': (0.20916095928328937, -0.9778679446176791, -0.005096665663918481), 'head_movement_count': 0, 'slight_movement_count': 4, 'last_movement_time': 1778691620.720193, 'tracking_start_time': 1778691605.3138885, 'straight_time_percentage': 301.15526404728803, 'straight_head_time': 55.93549203872681, 'last_status_change_time': 1778691620.720193}
2026-05-13 22:30:23,941 - INFO - Gaze change: Looking Right (9% confidence)
2026-05-13 22:30:24,048 - INFO - Gaze change: Looking Right (2% confidence)
2026-05-13 22:30:24,210 - INFO - Gaze change: Looking Right (12% confidence)
2026-05-13 22:30:24,390 - INFO - Gaze change: Looking Right (20% confidence)
2026-05-13 22:30:24,546 - INFO - Gaze change: Looking Right (25% confidence)
2026-05-13 22:30:24,768 - INFO - Gaze change: Looking Right (10% confidence)
2026-05-13 22:30:24,879 - INFO - Gaze change: Looking Right (9% confidence)
2026-05-13 22:30:25,007 - INFO - No speech detected within timeout period
2026-05-13 22:30:25,008 - INFO - Waiting for speech...
2026-05-13 22:30:25,051 - INFO - Gaze change: Looking Right (15% confidence)
2026-05-13 22:30:25,098 - DEBUG - Current reading metrics: {'continuous_reading_time': 0.0, 'reading_sessions': 0, 'total_reading_time': 0.0, 'on_screen_percentage': 0.0, 'tracking_start_time': 1778691605.3038828}
2026-05-13 22:30:25,099 - DEBUG - Current head metrics: {'head_direction': 'slight_movement', 'head_direction_vector': (0.19234446228789295, -0.9813118749549439, -0.005532802146645992), 'head_movement_count': 0, 'slight_movement_count': 5, 'last_movement_time': 1778691624.2645123, 'tracking_start_time': 1778691605.3138885, 'straight_time_percentage': 282.72410049962326, 'straight_head_time': 55.93549203872681, 'last_status_change_time': 1778691624.2645123}
2026-05-13 22:30:25,216 - INFO - Gaze change: Looking Right (4% confidence)
2026-05-13 22:30:25,381 - INFO - Gaze change: Looking Right (3% confidence)
2026-05-13 22:30:25,592 - INFO - Detected new object: vase at 2026-05-13 22:30:25 (conf: 0.59)
2026-05-13 22:30:25,592 - INFO - Gaze change: Looking Right (7% confidence)
2026-05-13 22:30:25,711 - INFO - Gaze change: Looking Up (100% confidence)
2026-05-13 22:30:26,371 - DEBUG - Current reading metrics: {'continuous_reading_time': 0.0, 'reading_sessions': 0, 'total_reading_time': 0.0, 'on_screen_percentage': 0.0, 'tracking_start_time': 1778691605.3038828}
2026-05-13 22:30:26,372 - DEBUG - Current head metrics: {'head_direction': 'head_tilted_Left', 'head_direction_vector': (0.24764480970131, -0.9688318081642167, -0.006080766173474363), 'head_movement_count': 0, 'slight_movement_count': 6, 'last_movement_time': 1778691625.2151866, 'tracking_start_time': 1778691605.3138885, 'straight_time_percentage': 265.6370305155449, 'straight_head_time': 55.93549203872681, 'last_status_change_time': 1778691626.2654898}
2026-05-13 22:30:26,428 - INFO - Detected new object: person at 2026-05-13 22:30:26 (conf: 0.55)
2026-05-13 22:30:27,537 - INFO - Gaze change: Looking Left (100% confidence)
2026-05-13 22:30:27,594 - DEBUG - Current reading metrics: {'continuous_reading_time': 0.0, 'reading_sessions': 0, 'total_reading_time': 0.0, 'on_screen_percentage': 0.0, 'tracking_start_time': 1778691605.3038828}
2026-05-13 22:30:27,594 - DEBUG - Current head metrics: {'head_direction': 'head_tilted_Left', 'head_direction_vector': (0.29482675804593844, -0.9555321728985996, -0.005953931121740111), 'head_movement_count': 0, 'slight_movement_count': 6, 'last_movement_time': 1778691625.2151866, 'tracking_start_time': 1778691605.3138885, 'straight_time_percentage': 251.05304674925836, 'straight_head_time': 55.93549203872681, 'last_status_change_time': 1778691626.2654898}
2026-05-13 22:30:28,011 - INFO - No speech detected within timeout period
2026-05-13 22:30:28,011 - INFO - Waiting for speech...
2026-05-13 22:30:28,195 - INFO - Detected new object: vase at 2026-05-13 22:30:28 (conf: 0.54)
2026-05-13 22:30:29,010 - DEBUG - Current reading metrics: {'continuous_reading_time': 0.0, 'reading_sessions': 0, 'total_reading_time': 0.0, 'on_screen_percentage': 0.0, 'tracking_start_time': 1778691605.3038828}
2026-05-13 22:30:29,010 - DEBUG - Current head metrics: {'head_direction': 'head_tilted_Left', 'head_direction_vector': (0.30524286035390985, -0.9522544174916531, -0.006190361103830441), 'head_movement_count': 0, 'slight_movement_count': 6, 'last_movement_time': 1778691625.2151866, 'tracking_start_time': 1778691605.3138885, 'straight_time_percentage': 236.04864574686064, 'straight_head_time': 55.93549203872681, 'last_status_change_time': 1778691626.2654898}
2026-05-13 22:30:29,630 - INFO - Gaze change: Looking Down (100% confidence)
2026-05-13 22:30:30,159 - INFO - Gaze change: Looking Left (100% confidence)
2026-05-13 22:30:30,236 - DEBUG - Current reading metrics: {'continuous_reading_time': 0.0, 'reading_sessions': 0, 'total_reading_time': 0.0, 'on_screen_percentage': 0.0, 'tracking_start_time': 1778691605.3038828}
2026-05-13 22:30:30,237 - DEBUG - Current head metrics: {'head_direction': 'head_tilted_Left', 'head_direction_vector': (0.45224341242183663, -0.8918661110318672, -0.007122914708578682), 'head_movement_count': 0, 'slight_movement_count': 6, 'last_movement_time': 1778691625.2151866, 'tracking_start_time': 1778691605.3138885, 'straight_time_percentage': 224.43962621236957, 'straight_head_time': 55.93549203872681, 'last_status_change_time': 1778691626.2654898}
2026-05-13 22:30:30,305 - INFO - Gaze change: Looking Right (85% confidence)
2026-05-13 22:30:30,466 - INFO - Gaze change: Looking Right (88% confidence)
2026-05-13 22:30:30,723 - INFO - Gaze change: Looking Left (100% confidence)
2026-05-13 22:30:30,801 - INFO - Gaze change: Looking Up (100% confidence)
2026-05-13 22:30:30,897 - INFO - No speech detected within timeout period
2026-05-13 22:30:30,898 - INFO - Waiting for speech...
2026-05-13 22:30:31,507 - DEBUG - Current reading metrics: {'continuous_reading_time': 0.0, 'reading_sessions': 0, 'total_reading_time': 0.0, 'on_screen_percentage': 0.0, 'tracking_start_time': 1778691605.3038828}
2026-05-13 22:30:31,508 - DEBUG - Current head metrics: {'head_direction': 'slight_tilt_left', 'head_direction_vector': (0.4266858716502159, -0.9043485236777586, -0.009639224862710072), 'head_movement_count': 0, 'slight_movement_count': 6, 'last_movement_time': 1778691625.2151866, 'tracking_start_time': 1778691605.3138885, 'straight_time_percentage': 213.54599296667652, 'straight_head_time': 55.93549203872681, 'last_status_change_time': 1778691630.3049455}
2026-05-13 22:30:31,562 - INFO - Detected new object: vase at 2026-05-13 22:30:31 (conf: 0.52)
2026-05-13 22:30:31,563 - INFO - Gaze change: Looking Left (100% confidence)
2026-05-13 22:30:32,713 - DEBUG - Current reading metrics: {'continuous_reading_time': 0.0, 'reading_sessions': 0, 'total_reading_time': 0.0, 'on_screen_percentage': 0.0, 'tracking_start_time': 1778691605.3038828}
2026-05-13 22:30:32,714 - DEBUG - Current head metrics: {'head_direction': 'slight_tilt_left', 'head_direction_vector': (0.5066836213648636, -0.8620857790110589, -0.00893406220501713), 'head_movement_count': 0, 'slight_movement_count': 6, 'last_movement_time': 1778691625.2151866, 'tracking_start_time': 1778691605.3138885, 'straight_time_percentage': 204.1478469914482, 'straight_head_time': 55.93549203872681, 'last_status_change_time': 1778691630.3049455}
2026-05-13 22:30:33,209 - INFO - Detected new object: vase at 2026-05-13 22:30:33 (conf: 0.64)
2026-05-13 22:30:33,838 - INFO - No speech detected within timeout period
2026-05-13 22:30:33,840 - INFO - Waiting for speech...
2026-05-13 22:30:33,987 - DEBUG - Current reading metrics: {'continuous_reading_time': 0.0, 'reading_sessions': 0, 'total_reading_time': 0.0, 'on_screen_percentage': 0.0, 'tracking_start_time': 1778691605.3038828}
2026-05-13 22:30:33,988 - DEBUG - Current head metrics: {'head_direction': 'slight_tilt_left', 'head_direction_vector': (0.31571062136478756, -0.9487985123707202, -0.010401273026317251), 'head_movement_count': 0, 'slight_movement_count': 6, 'last_movement_time': 1778691625.2151866, 'tracking_start_time': 1778691605.3138885, 'straight_time_percentage': 195.07696416035483, 'straight_head_time': 55.93549203872681, 'last_status_change_time': 1778691633.665006}
2026-05-13 22:30:34,320 - INFO - Gaze change: Looking Down (100% confidence)
2026-05-13 22:30:34,886 - INFO - Detected new object: vase at 2026-05-13 22:30:34 (conf: 0.54)
2026-05-13 22:30:35,159 - INFO - Gaze change: Looking Left (100% confidence)
2026-05-13 22:30:35,212 - DEBUG - Current reading metrics: {'continuous_reading_time': 0.0, 'reading_sessions': 0, 'total_reading_time': 0.0, 'on_screen_percentage': 0.0, 'tracking_start_time': 1778691605.3038828}
2026-05-13 22:30:35,213 - DEBUG - Current head metrics: {'head_direction': 'head_tilted_Left', 'head_direction_vector': (0.5406459110364599, -0.8411768322804207, -0.011114662128611518), 'head_movement_count': 0, 'slight_movement_count': 6, 'last_movement_time': 1778691625.2151866, 'tracking_start_time': 1778691605.3138885, 'straight_time_percentage': 187.08109816206834, 'straight_head_time': 55.93549203872681, 'last_status_change_time': 1778691634.718463}
2026-05-13 22:30:35,326 - INFO - Gaze change: Looking Down (100% confidence)
2026-05-13 22:30:36,144 - INFO - Gaze change: Looking Left (100% confidence)
2026-05-13 22:30:36,483 - DEBUG - Current reading metrics: {'continuous_reading_time': 0.0, 'reading_sessions': 0, 'total_reading_time': 0.0, 'on_screen_percentage': 0.0, 'tracking_start_time': 1778691605.3038828}
2026-05-13 22:30:36,484 - DEBUG - Current head metrics: {'head_direction': 'slight_tilt_left', 'head_direction_vector': (0.5127596226065605, -0.8584820676231562, -0.009279493189186135), 'head_movement_count': 0, 'slight_movement_count': 6, 'last_movement_time': 1778691625.2151866, 'tracking_start_time': 1778691605.3138885, 'straight_time_percentage': 179.45447399721527, 'straight_head_time': 55.93549203872681, 'last_status_change_time': 1778691636.483628}
2026-05-13 22:30:36,540 - INFO - Gaze change: Looking Down (100% confidence)
2026-05-13 22:30:36,656 - INFO - Gaze change: Looking Left (100% confidence)
2026-05-13 22:30:36,789 - INFO - No speech detected within timeout period
2026-05-13 22:30:36,790 - INFO - Waiting for speech...
2026-05-13 22:30:37,704 - DEBUG - Current reading metrics: {'continuous_reading_time': 0.0, 'reading_sessions': 0, 'total_reading_time': 0.0, 'on_screen_percentage': 0.0, 'tracking_start_time': 1778691605.3038828}
2026-05-13 22:30:37,705 - DEBUG - Current head metrics: {'head_direction': 'slight_tilt_left', 'head_direction_vector': (0.541470871487524, -0.8406690815646409, -0.009208182872008924), 'head_movement_count': 0, 'slight_movement_count': 6, 'last_movement_time': 1778691625.2151866, 'tracking_start_time': 1778691605.3138885, 'straight_time_percentage': 172.68959406748033, 'straight_head_time': 55.93549203872681, 'last_status_change_time': 1778691636.483628}
2026-05-13 22:30:38,200 - INFO - Gaze change: Looking Right (59% confidence)
2026-05-13 22:30:38,320 - INFO - Gaze change: Looking Right (55% confidence)
2026-05-13 22:30:38,486 - INFO - Gaze change: Looking Right (81% confidence)
2026-05-13 22:30:38,646 - INFO - Gaze change: Looking Right (80% confidence)
2026-05-13 22:30:38,821 - INFO - Gaze change: Looking Right (96% confidence)
2026-05-13 22:30:38,979 - DEBUG - Current reading metrics: {'continuous_reading_time': 0.0, 'reading_sessions': 0, 'total_reading_time': 0.0, 'on_screen_percentage': 0.0, 'tracking_start_time': 1778691605.3038828}
2026-05-13 22:30:38,980 - DEBUG - Current head metrics: {'head_direction': 'slight_tilt_left', 'head_direction_vector': (0.4275627813980701, -0.9039394587622345, -0.00913908396858472), 'head_movement_count': 0, 'slight_movement_count': 6, 'last_movement_time': 1778691625.2151866, 'tracking_start_time': 1778691605.3138885, 'straight_time_percentage': 166.14950606329077, 'straight_head_time': 55.93549203872681, 'last_status_change_time': 1778691638.9796474}
2026-05-13 22:30:39,036 - INFO - Detected new object: vase at 2026-05-13 22:30:39 (conf: 0.54)
2026-05-13 22:30:39,039 - INFO - Gaze change: Looking Right (88% confidence)
2026-05-13 22:30:39,152 - INFO - Gaze change: Looking Left (100% confidence)
2026-05-13 22:30:39,728 - INFO - No speech detected within timeout period
2026-05-13 22:30:39,728 - INFO - Waiting for speech...
2026-05-13 22:30:40,205 - DEBUG - Current reading metrics: {'continuous_reading_time': 0.0, 'reading_sessions': 0, 'total_reading_time': 0.0, 'on_screen_percentage': 0.0, 'tracking_start_time': 1778691605.3038828}
2026-05-13 22:30:40,205 - DEBUG - Current head metrics: {'head_direction': 'head_tilted_Left', 'head_direction_vector': (0.6719349699097608, -0.7405507206505534, -0.009382236210785646), 'head_movement_count': 0, 'slight_movement_count': 6, 'last_movement_time': 1778691625.2151866, 'tracking_start_time': 1778691605.3138885, 'straight_time_percentage': 160.31432041275505, 'straight_head_time': 55.93549203872681, 'last_status_change_time': 1778691639.8073416}
2026-05-13 22:30:40,305 - INFO - Gaze change: Looking Down (100% confidence)
2026-05-13 22:30:41,477 - DEBUG - Current reading metrics: {'continuous_reading_time': 0.0, 'reading_sessions': 0, 'total_reading_time': 0.0, 'on_screen_percentage': 0.0, 'tracking_start_time': 1778691605.3038828}
2026-05-13 22:30:41,478 - DEBUG - Current head metrics: {'head_direction': 'head_tilted_Left', 'head_direction_vector': (0.4939455562662796, -0.8694414776726127, -0.009450097738079427), 'head_movement_count': 0, 'slight_movement_count': 6, 'last_movement_time': 1778691625.2151866, 'tracking_start_time': 1778691605.3138885, 'straight_time_percentage': 154.67432159230657, 'straight_head_time': 55.93549203872681, 'last_status_change_time': 1778691639.8073416}
2026-05-13 22:30:42,468 - INFO - Detected new object: vase at 2026-05-13 22:30:42 (conf: 0.58)
2026-05-13 22:30:42,668 - INFO - No speech detected within timeout period
2026-05-13 22:30:42,668 - INFO - Waiting for speech...
2026-05-13 22:30:42,893 - DEBUG - Current reading metrics: {'continuous_reading_time': 0.0, 'reading_sessions': 0, 'total_reading_time': 0.0, 'on_screen_percentage': 0.0, 'tracking_start_time': 1778691605.3038828}
2026-05-13 22:30:42,894 - DEBUG - Current head metrics: {'head_direction': 'head_tilted_Left', 'head_direction_vector': (0.6264382427805435, -0.7794080161867569, -0.009913237909428342), 'head_movement_count': 0, 'slight_movement_count': 6, 'last_movement_time': 1778691625.2151866, 'tracking_start_time': 1778691605.3138885, 'straight_time_percentage': 148.84700956117956, 'straight_head_time': 55.93549203872681, 'last_status_change_time': 1778691639.8073416}
2026-05-13 22:30:43,843 - INFO - Gaze change: Looking Left (100% confidence)
2026-05-13 22:30:44,194 - DEBUG - Current reading metrics: {'continuous_reading_time': 0.0, 'reading_sessions': 0, 'total_reading_time': 0.0, 'on_screen_percentage': 0.0, 'tracking_start_time': 1778691605.3038828}
2026-05-13 22:30:44,195 - DEBUG - Current head metrics: {'head_direction': 'slight_tilt_left', 'head_direction_vector': (0.592456026029103, -0.8055059967113637, -0.012487853451868725), 'head_movement_count': 0, 'slight_movement_count': 6, 'last_movement_time': 1778691625.2151866, 'tracking_start_time': 1778691605.3138885, 'straight_time_percentage': 143.8656357802244, 'straight_head_time': 55.93549203872681, 'last_status_change_time': 1778691643.5086708}
2026-05-13 22:30:44,502 - INFO - Gaze change: Looking Up (100% confidence)
2026-05-13 22:30:45,076 - INFO - Detected new object: vase at 2026-05-13 22:30:45 (conf: 0.65)
2026-05-13 22:30:45,418 - DEBUG - Current reading metrics: {'continuous_reading_time': 0.0, 'reading_sessions': 0, 'total_reading_time': 0.0, 'on_screen_percentage': 0.0, 'tracking_start_time': 1778691605.3038828}
2026-05-13 22:30:45,418 - DEBUG - Current head metrics: {'head_direction': 'slight_movement', 'head_direction_vector': (0.37719237303051395, -0.9260503035157833, -0.012519947521266573), 'head_movement_count': 0, 'slight_movement_count': 8, 'last_movement_time': 1778691645.4171362, 'tracking_start_time': 1778691605.3138885, 'straight_time_percentage': 140.10097380335634, 'straight_head_time': 56.18504047393799, 'last_status_change_time': 1778691645.4171362}
2026-05-13 22:30:45,619 - INFO - No speech detected within timeout period
2026-05-13 22:30:45,621 - INFO - Waiting for speech...
2026-05-13 22:30:46,694 - DEBUG - Current reading metrics: {'continuous_reading_time': 0.0, 'reading_sessions': 0, 'total_reading_time': 0.0, 'on_screen_percentage': 0.0, 'tracking_start_time': 1778691605.3038828}
2026-05-13 22:30:46,695 - DEBUG - Current head metrics: {'head_direction': 'slight_tilt_left', 'head_direction_vector': (0.33197438275166063, -0.943206500361847, -0.012430079316364764), 'head_movement_count': 0, 'slight_movement_count': 9, 'last_movement_time': 1778691645.6652894, 'tracking_start_time': 1778691605.3138885, 'straight_time_percentage': 135.77496002682162, 'straight_head_time': 56.18504047393799, 'last_status_change_time': 1778691645.6652894}
2026-05-13 22:30:47,916 - DEBUG - Current reading metrics: {'continuous_reading_time': 0.0, 'reading_sessions': 0, 'total_reading_time': 0.0, 'on_screen_percentage': 0.0, 'tracking_start_time': 1778691605.3038828}
2026-05-13 22:30:47,916 - DEBUG - Current head metrics: {'head_direction': 'slight_movement', 'head_direction_vector': (-0.05834891903706918, -0.9978955575055227, -0.028281795521986158), 'head_movement_count': 0, 'slight_movement_count': 10, 'last_movement_time': 1778691647.6682172, 'tracking_start_time': 1778691605.3138885, 'straight_time_percentage': 131.8826004070054, 'straight_head_time': 56.18504047393799, 'last_status_change_time': 1778691647.6682172}
2026-05-13 22:30:48,559 - INFO - No speech detected within timeout period
2026-05-13 22:30:48,584 - INFO - Waiting for speech...
2026-05-13 22:30:49,189 - DEBUG - Current reading metrics: {'continuous_reading_time': 0.0, 'reading_sessions': 0, 'total_reading_time': 0.0, 'on_screen_percentage': 0.0, 'tracking_start_time': 1778691605.3038828}
2026-05-13 22:30:49,190 - DEBUG - Current head metrics: {'head_direction': 'head_straight', 'head_direction_vector': (0.7474071639073302, -0.6632982425884055, -0.03765597853108969), 'head_movement_count': 0, 'slight_movement_count': 10, 'last_movement_time': 1778691647.6682172, 'tracking_start_time': 1778691605.3138885, 'straight_time_percentage': 131.52244694942448, 'straight_head_time': 57.706467628479004, 'last_status_change_time': 1778691649.0877273}
2026-05-13 22:30:50,071 - INFO - Detected new object: vase at 2026-05-13 22:30:50 (conf: 0.50)
2026-05-13 22:30:50,413 - DEBUG - Current reading metrics: {'continuous_reading_time': 0.0, 'reading_sessions': 0, 'total_reading_time': 0.0, 'on_screen_percentage': 0.0, 'tracking_start_time': 1778691605.3038828}
2026-05-13 22:30:50,413 - DEBUG - Current head metrics: {'head_direction': 'head_straight', 'head_direction_vector': (-0.9006783883937752, -0.40926750322189553, -0.1458716952904422), 'head_movement_count': 0, 'slight_movement_count': 10, 'last_movement_time': 1778691647.6682172, 'tracking_start_time': 1778691605.3138885, 'straight_time_percentage': 153.2698905790088, 'straight_head_time': 69.12390232086182, 'last_status_change_time': 1778691649.0877273}
2026-05-13 22:30:51,508 - INFO - No speech detected within timeout period
2026-05-13 22:30:51,509 - INFO - Waiting for speech...
2026-05-13 22:30:51,681 - DEBUG - Current reading metrics: {'continuous_reading_time': 0.0, 'reading_sessions': 0, 'total_reading_time': 0.0, 'on_screen_percentage': 0.0, 'tracking_start_time': 1778691605.3038828}
2026-05-13 22:30:51,682 - DEBUG - Current head metrics: {'head_direction': 'head_straight', 'head_direction_vector': (-0.96988536198033, 0.16447253033936143, -0.17964178628607516), 'head_movement_count': 0, 'slight_movement_count': 10, 'last_movement_time': 1778691647.6682172, 'tracking_start_time': 1778691605.3138885, 'straight_time_percentage': 213.96990439835855, 'straight_head_time': 99.21228742599487, 'last_status_change_time': 1778691649.0877273}
2026-05-13 22:30:51,732 - INFO - Detected new object: vase at 2026-05-13 22:30:51 (conf: 0.60)
2026-05-13 22:30:52,181 - INFO - Gaze change: Looking Right (91% confidence)
2026-05-13 22:30:52,357 - INFO - Gaze change: Looking Right (69% confidence)
2026-05-13 22:30:52,572 - INFO - Gaze change: Looking Right (78% confidence)
2026-05-13 22:30:52,678 - INFO - Gaze change: Looking Up (100% confidence)
2026-05-13 22:30:52,911 - DEBUG - Current reading metrics: {'continuous_reading_time': 0.0, 'reading_sessions': 0, 'total_reading_time': 0.0, 'on_screen_percentage': 0.0, 'tracking_start_time': 1778691605.3038828}
2026-05-13 22:30:52,911 - DEBUG - Current head metrics: {'head_direction': 'head_straight', 'head_direction_vector': (-0.18697344314015538, 0.9809291872225364, -0.05309294882796871), 'head_movement_count': 0, 'slight_movement_count': 10, 'last_movement_time': 1778691647.6682172, 'tracking_start_time': 1778691605.3138885, 'straight_time_percentage': 311.0185012780253, 'straight_head_time': 148.03649973869324, 'last_status_change_time': 1778691649.0877273}
2026-05-13 22:30:53,397 - INFO - Detected new object: vase at 2026-05-13 22:30:53 (conf: 0.50)
2026-05-13 22:30:54,015 - INFO - Gaze change: Looking Right (100% confidence)
2026-05-13 22:30:54,175 - DEBUG - Current reading metrics: {'continuous_reading_time': 0.0, 'reading_sessions': 0, 'total_reading_time': 0.0, 'on_screen_percentage': 0.0, 'tracking_start_time': 1778691605.3038828}
2026-05-13 22:30:54,175 - DEBUG - Current head metrics: {'head_direction': 'head_straight', 'head_direction_vector': (-0.4046752331650822, 0.9138670448069544, -0.03293903578720081), 'head_movement_count': 0, 'slight_movement_count': 10, 'last_movement_time': 1778691647.6682172, 'tracking_start_time': 1778691605.3138885, 'straight_time_percentage': 441.07256185002814, 'straight_head_time': 215.5158371925354, 'last_status_change_time': 1778691649.0877273}
2026-05-13 22:30:54,335 - INFO - Gaze change: Looking Right (98% confidence)
2026-05-13 22:30:54,449 - INFO - No speech detected within timeout period
2026-05-13 22:30:54,450 - INFO - Waiting for speech...
2026-05-13 22:30:54,516 - INFO - Gaze change: Looking Right (100% confidence)
2026-05-13 22:30:54,852 - INFO - Gaze change: Looking Right (99% confidence)
2026-05-13 22:30:55,064 - INFO - Gaze change: Looking Right (68% confidence)
2026-05-13 22:30:55,171 - INFO - Gaze change: Looking Right (64% confidence)
2026-05-13 22:30:55,346 - INFO - Gaze change: Looking Right (89% confidence)
2026-05-13 22:30:55,400 - DEBUG - Current reading metrics: {'continuous_reading_time': 0.0, 'reading_sessions': 0, 'total_reading_time': 0.0, 'on_screen_percentage': 0.0, 'tracking_start_time': 1778691605.3038828}
2026-05-13 22:30:55,401 - DEBUG - Current head metrics: {'head_direction': 'head_straight', 'head_direction_vector': (-0.06190632269346398, 0.9978168672067064, -0.023002320064873898), 'head_movement_count': 0, 'slight_movement_count': 10, 'last_movement_time': 1778691647.6682172, 'tracking_start_time': 1778691605.3138885, 'straight_time_percentage': 602.3982466282635, 'straight_head_time': 301.7221305370331, 'last_status_change_time': 1778691649.0877273}
2026-05-13 22:30:55,506 - INFO - Gaze change: Looking Right (73% confidence)
2026-05-13 22:30:55,682 - INFO - Gaze change: Looking Right (74% confidence)
2026-05-13 22:30:55,892 - INFO - Gaze change: Looking Right (57% confidence)
2026-05-13 22:30:56,135 - INFO - Gaze change: Looking Right (74% confidence)
2026-05-13 22:30:56,276 - INFO - Gaze change: Looking Right (100% confidence)
2026-05-13 22:30:56,778 - DEBUG - Current reading metrics: {'continuous_reading_time': 0.0, 'reading_sessions': 0, 'total_reading_time': 0.0, 'on_screen_percentage': 0.0, 'tracking_start_time': 1778691605.3038828}
2026-05-13 22:30:56,779 - DEBUG - Current head metrics: {'head_direction': 'head_straight', 'head_direction_vector': (0.050965267557459455, 0.9986166151894771, -0.012938213567123023), 'head_movement_count': 0, 'slight_movement_count': 10, 'last_movement_time': 1778691647.6682172, 'tracking_start_time': 1778691605.3138885, 'straight_time_percentage': 791.9234977638815, 'straight_head_time': 407.5636842250824, 'last_status_change_time': 1778691649.0877273}
2026-05-13 22:30:56,831 - INFO - Detected new object: vase at 2026-05-13 22:30:56 (conf: 0.45)
2026-05-13 22:30:57,387 - INFO - No speech detected within timeout period
2026-05-13 22:30:57,387 - INFO - Waiting for speech...
2026-05-13 22:30:57,438 - INFO - Gaze change: Looking Right (88% confidence)
2026-05-13 22:30:57,657 - INFO - Gaze change: Looking Right (61% confidence)
2026-05-13 22:30:57,812 - INFO - Gaze change: Looking Right (55% confidence)
2026-05-13 22:30:57,936 - INFO - Gaze change: Looking Right (65% confidence)
2026-05-13 22:30:57,993 - DEBUG - Current reading metrics: {'continuous_reading_time': 0.0, 'reading_sessions': 0, 'total_reading_time': 0.0, 'on_screen_percentage': 0.0, 'tracking_start_time': 1778691605.3038828}
2026-05-13 22:30:57,994 - DEBUG - Current head metrics: {'head_direction': 'head_straight', 'head_direction_vector': (-0.31644421010625706, 0.9485423050482581, -0.011426172760997574), 'head_movement_count': 0, 'slight_movement_count': 10, 'last_movement_time': 1778691647.6682172, 'tracking_start_time': 1778691605.3138885, 'straight_time_percentage': 1011.4599288972162, 'straight_head_time': 532.8349859714508, 'last_status_change_time': 1778691649.0877273}
2026-05-13 22:30:58,101 - INFO - Gaze change: Looking Right (100% confidence)
2026-05-13 22:30:58,272 - INFO - Gaze change: Looking Right (62% confidence)
2026-05-13 22:30:58,484 - INFO - Gaze change: Looking Right (34% confidence)
2026-05-13 22:30:58,640 - INFO - Gaze change: Looking Right (58% confidence)
2026-05-13 22:30:58,766 - INFO - Gaze change: Looking Right (49% confidence)
2026-05-13 22:30:58,958 - INFO - Gaze change: Looking Up (100% confidence)
2026-05-13 22:30:59,109 - INFO - Gaze change: Looking Right (43% confidence)
2026-05-13 22:30:59,265 - DEBUG - Current reading metrics: {'continuous_reading_time': 0.0, 'reading_sessions': 0, 'total_reading_time': 0.0, 'on_screen_percentage': 0.0, 'tracking_start_time': 1778691605.3038828}
2026-05-13 22:30:59,266 - DEBUG - Current head metrics: {'head_direction': 'slight_tilt_left', 'head_direction_vector': (0.9032215382088695, -0.4290893340564469, -0.00855548447480209), 'head_movement_count': 0, 'slight_movement_count': 12, 'last_movement_time': 1778691659.2652073, 'tracking_start_time': 1778691605.3138885, 'straight_time_percentage': 1198.3234037552602, 'straight_head_time': 646.5112791061401, 'last_status_change_time': 1778691659.2652073}
2026-05-13 22:30:59,320 - INFO - Detected new object: person at 2026-05-13 22:30:59 (conf: 0.53)
2026-05-13 22:30:59,320 - INFO - Gaze change: Looking Down (100% confidence)
2026-05-13 22:30:59,791 - INFO - Gaze change: Looking Right (100% confidence)
2026-05-13 22:31:00,288 - INFO - Gaze change: Looking Down (100% confidence)
2026-05-13 22:31:00,338 - INFO - No speech detected within timeout period
2026-05-13 22:31:00,338 - INFO - Waiting for speech...
2026-05-13 22:31:00,430 - INFO - Gaze change: Looking Right (100% confidence)
2026-05-13 22:31:00,486 - DEBUG - Current reading metrics: {'continuous_reading_time': 0.0, 'reading_sessions': 0, 'total_reading_time': 0.0, 'on_screen_percentage': 0.0, 'tracking_start_time': 1778691605.3038828}
2026-05-13 22:31:00,488 - DEBUG - Current head metrics: {'head_direction': 'slight_tilt_left', 'head_direction_vector': (0.8530697570535462, -0.5217577001000372, -0.006394684270814707), 'head_movement_count': 0, 'slight_movement_count': 12, 'last_movement_time': 1778691659.2652073, 'tracking_start_time': 1778691605.3138885, 'straight_time_percentage': 1171.7926488942464, 'straight_head_time': 646.5112791061401, 'last_status_change_time': 1778691659.9966657}
2026-05-13 22:31:01,271 - INFO - Gaze change: Looking Down (100% confidence)
2026-05-13 22:31:01,788 - DEBUG - Current reading metrics: {'continuous_reading_time': 0.0, 'reading_sessions': 0, 'total_reading_time': 0.0, 'on_screen_percentage': 0.0, 'tracking_start_time': 1778691605.3038828}
2026-05-13 22:31:01,789 - DEBUG - Current head metrics: {'head_direction': 'head_tilted_Left', 'head_direction_vector': (0.8747965569826343, -0.48445326077329737, -0.006001834506897996), 'head_movement_count': 0, 'slight_movement_count': 12, 'last_movement_time': 1778691659.2652073, 'tracking_start_time': 1778691605.3138885, 'straight_time_percentage': 1144.790054847625, 'straight_head_time': 646.5112791061401, 'last_status_change_time': 1778691660.8015742}
2026-05-13 22:31:02,682 - INFO - Detected new object: person at 2026-05-13 22:31:02 (conf: 0.52)
2026-05-13 22:31:03,019 - DEBUG - Current reading metrics: {'continuous_reading_time': 0.0, 'reading_sessions': 0, 'total_reading_time': 0.0, 'on_screen_percentage': 0.0, 'tracking_start_time': 1778691605.3038828}
2026-05-13 22:31:03,019 - DEBUG - Current head metrics: {'head_direction': 'slight_movement', 'head_direction_vector': (0.8594308727514428, -0.5111913026683974, -0.007875724593975857), 'head_movement_count': 0, 'slight_movement_count': 13, 'last_movement_time': 1778691663.0193276, 'tracking_start_time': 1778691605.3138885, 'straight_time_percentage': 1120.3645432619398, 'straight_head_time': 646.5112791061401, 'last_status_change_time': 1778691663.0193276}
2026-05-13 22:31:03,281 - INFO - No speech detected within timeout period
2026-05-13 22:31:03,282 - INFO - Waiting for speech...
2026-05-13 22:31:04,288 - DEBUG - Current reading metrics: {'continuous_reading_time': 0.0, 'reading_sessions': 0, 'total_reading_time': 0.0, 'on_screen_percentage': 0.0, 'tracking_start_time': 1778691605.3038828}
2026-05-13 22:31:04,289 - DEBUG - Current head metrics: {'head_direction': 'slight_tilt_left', 'head_direction_vector': (0.8682914145478893, -0.4959129711656976, -0.011846706379218629), 'head_movement_count': 0, 'slight_movement_count': 15, 'last_movement_time': 1778691664.1138983, 'tracking_start_time': 1778691605.3138885, 'straight_time_percentage': 1098.8210639505419, 'straight_head_time': 648.0258677005768, 'last_status_change_time': 1778691664.1138983}
2026-05-13 22:31:05,174 - INFO - Detected new object: person at 2026-05-13 22:31:05 (conf: 0.56)
2026-05-13 22:31:05,514 - DEBUG - Current reading metrics: {'continuous_reading_time': 0.0, 'reading_sessions': 0, 'total_reading_time': 0.0, 'on_screen_percentage': 0.0, 'tracking_start_time': 1778691605.3038828}
2026-05-13 22:31:05,525 - DEBUG - Current head metrics: {'head_direction': 'head_straight', 'head_direction_vector': (0.8729667509069614, -0.48764066881914003, -0.011646026127608173), 'head_movement_count': 0, 'slight_movement_count': 16, 'last_movement_time': 1778691664.628341, 'tracking_start_time': 1778691605.3138885, 'straight_time_percentage': 1080.1137105518073, 'straight_head_time': 650.2315187454224, 'last_status_change_time': 1778691665.018659}
2026-05-13 22:31:06,003 - INFO - Gaze change: Looking Right (37% confidence)
2026-05-13 22:31:06,112 - INFO - Gaze change: Looking Right (31% confidence)
2026-05-13 22:31:06,227 - INFO - No speech detected within timeout period
2026-05-13 22:31:06,227 - INFO - Waiting for speech...
2026-05-13 22:31:06,286 - INFO - Gaze change: Looking Right (32% confidence)
2026-05-13 22:31:06,443 - INFO - Gaze change: Looking Right (43% confidence)
2026-05-13 22:31:06,611 - INFO - Gaze change: Looking Down (100% confidence)
2026-05-13 22:31:06,790 - DEBUG - Current reading metrics: {'continuous_reading_time': 0.0, 'reading_sessions': 0, 'total_reading_time': 0.0, 'on_screen_percentage': 0.0, 'tracking_start_time': 1778691605.3038828}
2026-05-13 22:31:06,790 - DEBUG - Current head metrics: {'head_direction': 'slight_tilt_left', 'head_direction_vector': (0.8256191124188476, -0.5641364499103496, -0.010156135646099549), 'head_movement_count': 0, 'slight_movement_count': 18, 'last_movement_time': 1778691665.8505306, 'tracking_start_time': 1778691605.3138885, 'straight_time_percentage': 1058.6696452706437, 'straight_head_time': 650.8304450511932, 'last_status_change_time': 1778691665.8505306}
2026-05-13 22:31:06,843 - INFO - Detected new object: person at 2026-05-13 22:31:06 (conf: 0.47)
2026-05-13 22:31:06,948 - INFO - Reading metrics: {'continuous_reading_time': 0.0, 'reading_sessions': 0, 'total_reading_time': 0.0, 'on_screen_percentage': 0.0, 'tracking_start_time': 1778691605.3038828}
2026-05-13 22:31:06,948 - INFO - Head tracking metrics: {'head_direction': 'head_tilted_Left', 'head_direction_vector': (0.8197384923134629, -0.5726606937952484, -0.00940925085198716), 'head_movement_count': 0, 'slight_movement_count': 18, 'last_movement_time': 1778691665.8505306, 'tracking_start_time': 1778691605.3138885, 'straight_time_percentage': 1055.9514671254842, 'straight_head_time': 650.8304450511932, 'last_status_change_time': 1778691666.9483922}
2026-05-13 22:31:07,666 - INFO - Detected new object: vase at 2026-05-13 22:31:07 (conf: 0.59)
2026-05-13 22:31:08,011 - DEBUG - Current reading metrics: {'continuous_reading_time': 0.0, 'reading_sessions': 0, 'total_reading_time': 0.0, 'on_screen_percentage': 0.0, 'tracking_start_time': 1778691605.3038828}
2026-05-13 22:31:08,012 - DEBUG - Current head metrics: {'head_direction': 'head_tilted_Left', 'head_direction_vector': (0.5642246299205705, -0.8255876558566729, -0.007455835840406747), 'head_movement_count': 0, 'slight_movement_count': 18, 'last_movement_time': 1778691665.8505306, 'tracking_start_time': 1778691605.3138885, 'straight_time_percentage': 1038.0529514326133, 'straight_head_time': 650.8304450511932, 'last_status_change_time': 1778691666.9483922}
2026-05-13 22:31:09,168 - INFO - No speech detected within timeout period
2026-05-13 22:31:09,168 - INFO - Periodically adjusting for ambient noise...
2026-05-13 22:31:09,282 - DEBUG - Current reading metrics: {'continuous_reading_time': 0.0, 'reading_sessions': 0, 'total_reading_time': 0.0, 'on_screen_percentage': 0.0, 'tracking_start_time': 1778691605.3038828}
2026-05-13 22:31:09,283 - DEBUG - Current head metrics: {'head_direction': 'slight_tilt_left', 'head_direction_vector': (0.6431036244532525, -0.7656966207723196, -0.011243360393600287), 'head_movement_count': 0, 'slight_movement_count': 18, 'last_movement_time': 1778691665.8505306, 'tracking_start_time': 1778691605.3138885, 'straight_time_percentage': 1017.4270854120671, 'straight_head_time': 650.8304450511932, 'last_status_change_time': 1778691668.664574}
2026-05-13 22:31:09,429 - INFO - Updated energy threshold: 3.5539831671671316e-50
2026-05-13 22:31:09,431 - INFO - Waiting for speech...
2026-05-13 22:31:10,012 - INFO - 127.0.0.1 - - [13/May/2026 22:31:10] "[32mGET / HTTP/1.1[0m" 302 -
2026-05-13 22:31:10,054 - INFO - 127.0.0.1 - - [13/May/2026 22:31:10] "GET /register HTTP/1.1" 200 -
2026-05-13 22:31:10,168 - INFO - Detected new object: vase at 2026-05-13 22:31:10 (conf: 0.57)
2026-05-13 22:31:10,422 - INFO - 127.0.0.1 - - [13/May/2026 22:31:10] "GET /static/style.css HTTP/1.1" 200 -
2026-05-13 22:31:10,600 - DEBUG - Current reading metrics: {'continuous_reading_time': 0.0, 'reading_sessions': 0, 'total_reading_time': 0.0, 'on_screen_percentage': 0.0, 'tracking_start_time': 1778691605.3038828}
2026-05-13 22:31:10,600 - DEBUG - Current head metrics: {'head_direction': 'slight_tilt_left', 'head_direction_vector': (0.5707577596198015, -0.8210977345508187, -0.005838677016092722), 'head_movement_count': 0, 'slight_movement_count': 18, 'last_movement_time': 1778691665.8505306, 'tracking_start_time': 1778691605.3138885, 'straight_time_percentage': 996.8886501520077, 'straight_head_time': 650.8304450511932, 'last_status_change_time': 1778691668.664574}
2026-05-13 22:31:10,703 - INFO - Gaze change: Looking Left (100% confidence)
2026-05-13 22:31:10,866 - INFO - Gaze change: Looking Right (91% confidence)
2026-05-13 22:31:10,895 - INFO - 127.0.0.1 - - [13/May/2026 22:31:10] "[33mGET /favicon.ico HTTP/1.1[0m" 404 -
2026-05-13 22:31:11,099 - INFO - Gaze change: Looking Right (50% confidence)
2026-05-13 22:31:11,205 - INFO - Gaze change: Looking Up (100% confidence)
2026-05-13 22:31:11,879 - DEBUG - Current reading metrics: {'continuous_reading_time': 0.0, 'reading_sessions': 0, 'total_reading_time': 0.0, 'on_screen_percentage': 0.0, 'tracking_start_time': 1778691605.3038828}
2026-05-13 22:31:11,879 - DEBUG - Current head metrics: {'head_direction': 'head_straight', 'head_direction_vector': (0.42823954283928994, -0.9035990016588542, -0.010942492856643343), 'head_movement_count': 0, 'slight_movement_count': 19, 'last_movement_time': 1778691671.4124053, 'tracking_start_time': 1778691605.3138885, 'straight_time_percentage': 978.5886870435414, 'straight_head_time': 651.4011437892914, 'last_status_change_time': 1778691671.6985111}
2026-05-13 22:31:12,367 - INFO - No speech detected within timeout period
2026-05-13 22:31:12,368 - INFO - Waiting for speech...
2026-05-13 22:31:13,116 - DEBUG - Current reading metrics: {'continuous_reading_time': 0.0, 'reading_sessions': 0, 'total_reading_time': 0.0, 'on_screen_percentage': 0.0, 'tracking_start_time': 1778691605.3038828}
2026-05-13 22:31:13,173 - DEBUG - Current head metrics: {'head_direction': 'head_straight', 'head_direction_vector': (0.16166794269150306, -0.9867142219491968, -0.016078572980465427), 'head_movement_count': 0, 'slight_movement_count': 19, 'last_movement_time': 1778691671.4124053, 'tracking_start_time': 1778691605.3138885, 'straight_time_percentage': 979.5441630188215, 'straight_head_time': 664.1613771915436, 'last_status_change_time': 1778691671.6985111}
2026-05-13 22:31:13,609 - INFO - Detected new object: vase at 2026-05-13 22:31:13 (conf: 0.57)
2026-05-13 22:31:14,391 - DEBUG - Current reading metrics: {'continuous_reading_time': 0.0, 'reading_sessions': 0, 'total_reading_time': 0.0, 'on_screen_percentage': 0.0, 'tracking_start_time': 1778691605.3038828}
2026-05-13 22:31:14,391 - DEBUG - Current head metrics: {'head_direction': 'head_straight', 'head_direction_vector': (0.5101858831791999, -0.8597637815197137, -0.022728937317478513), 'head_movement_count': 0, 'slight_movement_count': 19, 'last_movement_time': 1778691671.4124053, 'tracking_start_time': 1778691605.3138885, 'straight_time_percentage': 1007.0912106471401, 'straight_head_time': 695.6766855716705, 'last_status_change_time': 1778691671.6985111}
2026-05-13 22:31:14,880 - INFO - Gaze change: No Face Detected
2026-05-13 22:31:15,084 - INFO - Gaze change: Looking Up (100% confidence)
2026-05-13 22:31:15,270 - INFO - Gaze change: No Face Detected
2026-05-13 22:31:15,307 - INFO - No speech detected within timeout period
2026-05-13 22:31:15,308 - INFO - Waiting for speech...
2026-05-13 22:31:15,411 - INFO - Gaze change: Looking Up (100% confidence)
2026-05-13 22:31:15,566 - INFO - Gaze change: Looking Right (35% confidence)
2026-05-13 22:31:15,633 - DEBUG - Current reading metrics: {'continuous_reading_time': 0.0, 'reading_sessions': 0, 'total_reading_time': 0.0, 'on_screen_percentage': 0.0, 'tracking_start_time': 1778691605.3038828}
2026-05-13 22:31:15,633 - DEBUG - Current head metrics: {'head_direction': 'slight_movement', 'head_direction_vector': (0.4624802318833018, -0.8832242049663354, -0.07763400594296327), 'head_movement_count': 0, 'slight_movement_count': 20, 'last_movement_time': 1778691675.633941, 'tracking_start_time': 1778691605.3138885, 'straight_time_percentage': 1045.8528866852093, 'straight_head_time': 735.4442977905273, 'last_status_change_time': 1778691675.633941}
2026-05-13 22:31:15,710 - INFO - Gaze change: Looking Left (100% confidence)
2026-05-13 22:31:16,134 - INFO - Gaze change: Looking Up (100% confidence)
2026-05-13 22:31:16,241 - INFO - Gaze change: Looking Left (100% confidence)
2026-05-13 22:31:16,404 - INFO - Gaze change: Looking Up (100% confidence)
2026-05-13 22:31:16,575 - INFO - Gaze change: Looking Left (100% confidence)
2026-05-13 22:31:16,913 - DEBUG - Current reading metrics: {'continuous_reading_time': 0.0, 'reading_sessions': 0, 'total_reading_time': 0.0, 'on_screen_percentage': 0.0, 'tracking_start_time': 1778691605.3038828}
2026-05-13 22:31:16,914 - DEBUG - Current head metrics: {'head_direction': 'slight_movement', 'head_direction_vector': (0.9246170649425636, -0.37484645393962646, -0.06762705956853945), 'head_movement_count': 0, 'slight_movement_count': 24, 'last_movement_time': 1778691676.6261668, 'tracking_start_time': 1778691605.3138885, 'straight_time_percentage': 1027.166685567181, 'straight_head_time': 735.4442977905273, 'last_status_change_time': 1778691676.6261668}
2026-05-13 22:31:16,965 - INFO - Detected new object: vase at 2026-05-13 22:31:16 (conf: 0.65)
2026-05-13 22:31:17,071 - INFO - Gaze change: Looking Right (30% confidence)
2026-05-13 22:31:17,227 - INFO - Gaze change: Looking Right (46% confidence)
2026-05-13 22:31:17,407 - INFO - Gaze change: Looking Right (100% confidence)
2026-05-13 22:31:17,795 - INFO - Gaze change: Looking Up (100% confidence)
2026-05-13 22:31:18,116 - DEBUG - Current reading metrics: {'continuous_reading_time': 0.0, 'reading_sessions': 0, 'total_reading_time': 0.0, 'on_screen_percentage': 0.0, 'tracking_start_time': 1778691605.3038828}
2026-05-13 22:31:18,117 - DEBUG - Current head metrics: {'head_direction': 'head_straight', 'head_direction_vector': (0.7917241814378677, -0.6107900630904506, -0.010407658550402819), 'head_movement_count': 0, 'slight_movement_count': 24, 'last_movement_time': 1778691676.6261668, 'tracking_start_time': 1778691605.3138885, 'straight_time_percentage': 1017.5201167145003, 'straight_head_time': 740.778178691864, 'last_status_change_time': 1778691677.2970965}
2026-05-13 22:31:18,258 - INFO - No speech detected within timeout period
2026-05-13 22:31:18,258 - INFO - Waiting for speech...
2026-05-13 22:31:18,621 - INFO - Detected new object: vase at 2026-05-13 22:31:18 (conf: 0.55)
2026-05-13 22:31:19,392 - DEBUG - Current reading metrics: {'continuous_reading_time': 0.0, 'reading_sessions': 0, 'total_reading_time': 0.0, 'on_screen_percentage': 0.0, 'tracking_start_time': 1778691605.3038828}
2026-05-13 22:31:19,393 - DEBUG - Current head metrics: {'head_direction': 'head_straight', 'head_direction_vector': (0.7917709111707494, -0.6106848876173644, -0.01275900699930002), 'head_movement_count': 0, 'slight_movement_count': 24, 'last_movement_time': 1778691676.6261668, 'tracking_start_time': 1778691605.3138885, 'straight_time_percentage': 1030.5208505407236, 'straight_head_time': 763.3927891254425, 'last_status_change_time': 1778691677.2970965}
2026-05-13 22:31:20,284 - INFO - Detected new object: person at 2026-05-13 22:31:20 (conf: 0.61)
2026-05-13 22:31:20,400 - INFO - Gaze change: Looking Right (50% confidence)
2026-05-13 22:31:20,558 - INFO - Gaze change: Looking Right (74% confidence)
2026-05-13 22:31:20,608 - DEBUG - Current reading metrics: {'continuous_reading_time': 0.0, 'reading_sessions': 0, 'total_reading_time': 0.0, 'on_screen_percentage': 0.0, 'tracking_start_time': 1778691605.3038828}
2026-05-13 22:31:20,609 - DEBUG - Current head metrics: {'head_direction': 'head_straight', 'head_direction_vector': (-0.004306874914311875, -0.9999620731104044, -0.007569885680428961), 'head_movement_count': 0, 'slight_movement_count': 27, 'last_movement_time': 1778691680.3195326, 'tracking_start_time': 1778691605.3138885, 'straight_time_percentage': 1020.4541789992488, 'straight_head_time': 768.3460237979889, 'last_status_change_time': 1778691680.3993583}
2026-05-13 22:31:20,732 - INFO - Gaze change: Looking Left (100% confidence)
2026-05-13 22:31:21,111 - INFO - Gaze change: No Face Detected
2026-05-13 22:31:21,199 - INFO - No speech detected within timeout period
2026-05-13 22:31:21,199 - INFO - Waiting for speech...
2026-05-13 22:31:21,236 - INFO - Gaze change: Looking Left (100% confidence)
2026-05-13 22:31:21,728 - INFO - Gaze change: Looking Up (100% confidence)
2026-05-13 22:31:21,882 - DEBUG - Current reading metrics: {'continuous_reading_time': 0.0, 'reading_sessions': 0, 'total_reading_time': 0.0, 'on_screen_percentage': 0.0, 'tracking_start_time': 1778691605.3038828}
2026-05-13 22:31:21,882 - DEBUG - Current head metrics: {'head_direction': 'slight_tilt_left', 'head_direction_vector': (0.5564916941493753, -0.8307971824776486, -0.009645513462680663), 'head_movement_count': 0, 'slight_movement_count': 29, 'last_movement_time': 1778691680.9457636, 'tracking_start_time': 1778691605.3138885, 'straight_time_percentage': 1004.407717595433, 'straight_head_time': 769.0630702972412, 'last_status_change_time': 1778691680.9457636}
2026-05-13 22:31:23,108 - DEBUG - Current reading metrics: {'continuous_reading_time': 0.0, 'reading_sessions': 0, 'total_reading_time': 0.0, 'on_screen_percentage': 0.0, 'tracking_start_time': 1778691605.3038828}
2026-05-13 22:31:23,109 - DEBUG - Current head metrics: {'head_direction': 'head_tilted_Left', 'head_direction_vector': (0.1559204549724416, -0.987733063009724, -0.008497526617513497), 'head_movement_count': 0, 'slight_movement_count': 29, 'last_movement_time': 1778691680.9457636, 'tracking_start_time': 1778691605.3138885, 'straight_time_percentage': 988.580920630106, 'straight_head_time': 769.0630702972412, 'last_status_change_time': 1778691683.0471017}
2026-05-13 22:31:23,387 - INFO - Gaze change: Looking Right (42% confidence)
2026-05-13 22:31:23,608 - INFO - Detected new object: person at 2026-05-13 22:31:23 (conf: 0.51)
2026-05-13 22:31:23,609 - INFO - Gaze change: Looking Right (83% confidence)
2026-05-13 22:31:23,725 - INFO - Gaze change: Looking Down (100% confidence)
2026-05-13 22:31:24,034 - INFO - Gaze change: Looking Right (16% confidence)
2026-05-13 22:31:24,149 - INFO - No speech detected within timeout period
2026-05-13 22:31:24,150 - INFO - Waiting for speech...
2026-05-13 22:31:24,226 - INFO - Gaze change: Looking Right (71% confidence)
2026-05-13 22:31:24,374 - DEBUG - Current reading metrics: {'continuous_reading_time': 0.0, 'reading_sessions': 0, 'total_reading_time': 0.0, 'on_screen_percentage': 0.0, 'tracking_start_time': 1778691605.3038828}
2026-05-13 22:31:24,374 - DEBUG - Current head metrics: {'head_direction': 'slight_tilt_left', 'head_direction_vector': (0.11585474669926497, -0.9932283526812172, -0.008667012022878576), 'head_movement_count': 0, 'slight_movement_count': 29, 'last_movement_time': 1778691680.9457636, 'tracking_start_time': 1778691605.3138885, 'straight_time_percentage': 972.7494401024276, 'straight_head_time': 769.0630702972412, 'last_status_change_time': 1778691684.1114867}
2026-05-13 22:31:24,430 - INFO - Gaze change: Looking Right (89% confidence)
2026-05-13 22:31:24,737 - INFO - Gaze change: Looking Left (100% confidence)
2026-05-13 22:31:25,094 - INFO - Gaze change: Looking Down (100% confidence)
2026-05-13 22:31:25,476 - INFO - Detected new object: person at 2026-05-13 22:31:25 (conf: 0.77)
2026-05-13 22:31:25,817 - DEBUG - Current reading metrics: {'continuous_reading_time': 0.0, 'reading_sessions': 0, 'total_reading_time': 0.0, 'on_screen_percentage': 0.0, 'tracking_start_time': 1778691605.3038828}
2026-05-13 22:31:25,820 - DEBUG - Current head metrics: {'head_direction': 'slight_movement', 'head_direction_vector': (0.6827542990165759, -0.7303300707855224, -0.021553535227379163), 'head_movement_count': 0, 'slight_movement_count': 30, 'last_movement_time': 1778691685.8179274, 'tracking_start_time': 1778691605.3138885, 'straight_time_percentage': 955.3099219100751, 'straight_head_time': 769.0630702972412, 'last_status_change_time': 1778691685.8179274}
2026-05-13 22:31:27,090 - DEBUG - Current reading metrics: {'continuous_reading_time': 0.0, 'reading_sessions': 0, 'total_reading_time': 0.0, 'on_screen_percentage': 0.0, 'tracking_start_time': 1778691605.3038828}
2026-05-13 22:31:27,091 - DEBUG - Current head metrics: {'head_direction': 'slight_tilt_left', 'head_direction_vector': (0.4774720872957443, -0.8779259317500944, -0.035587416514462435), 'head_movement_count': 0, 'slight_movement_count': 33, 'last_movement_time': 1778691687.090822, 'tracking_start_time': 1778691605.3138885, 'straight_time_percentage': 940.4400948101871, 'straight_head_time': 769.0630702972412, 'last_status_change_time': 1778691687.090822}
2026-05-13 22:31:27,114 - INFO - No speech detected within timeout period
2026-05-13 22:31:27,114 - INFO - Waiting for speech...
2026-05-13 22:31:28,339 - DEBUG - Current reading metrics: {'continuous_reading_time': 0.0, 'reading_sessions': 0, 'total_reading_time': 0.0, 'on_screen_percentage': 0.0, 'tracking_start_time': 1778691605.3038828}
2026-05-13 22:31:28,340 - DEBUG - Current head metrics: {'head_direction': 'slight_tilt_left', 'head_direction_vector': (0.49065570722654406, -0.8689898229875443, -0.06413785551526026), 'head_movement_count': 0, 'slight_movement_count': 33, 'last_movement_time': 1778691687.090822, 'tracking_start_time': 1778691605.3138885, 'straight_time_percentage': 926.3011716654048, 'straight_head_time': 769.0630702972412, 'last_status_change_time': 1778691687.090822}
2026-05-13 22:31:28,844 - INFO - Gaze change: Looking Left (100% confidence)
